<?xml version="1.0" encoding="UTF-8" standalone="yes"?>
<ns2:test-suite start="1477854919309" stop="1477854940811" version="1.4.16" xmlns:ns2="urn:model.allure.qatools.yandex.ru">
    <name>Suite : testingPageObjects[browser=firefox]</name>
    <title>Suite : testingPageObjects[browser=firefox]</title>
    <test-cases>
        <test-case start="1477854927131" stop="1477854933217" status="passed">
            <name>testingLogin[false,epam,123]</name>
            <steps/>
            <attachments/>
            <labels>
                <label name="host" value="DESKTOP-J7K1C7R"/>
                <label name="thread" value="5932@DESKTOP-J7K1C7R.main(1)"/>
            </labels>
        </test-case>
        <test-case start="1477854927131" stop="1477854933217" status="passed">
            <name>testingLogin[false,epam,123]</name>
            <steps/>
            <attachments/>
            <labels>
                <label name="host" value="DESKTOP-J7K1C7R"/>
                <label name="thread" value="5932@DESKTOP-J7K1C7R.main(1)"/>
            </labels>
        </test-case>
        <test-case start="1477854933314" stop="1477854934166" status="passed">
            <name>testingLogin[false,login,1234]</name>
            <steps/>
            <attachments/>
            <labels>
                <label name="host" value="DESKTOP-J7K1C7R"/>
                <label name="thread" value="5932@DESKTOP-J7K1C7R.main(1)"/>
            </labels>
        </test-case>
        <test-case start="1477854933314" stop="1477854934166" status="passed">
            <name>testingLogin[false,login,1234]</name>
            <steps/>
            <attachments/>
            <labels>
                <label name="host" value="DESKTOP-J7K1C7R"/>
                <label name="thread" value="5932@DESKTOP-J7K1C7R.main(1)"/>
            </labels>
        </test-case>
        <test-case start="1477854934170" stop="1477854935195" status="passed">
            <name>testingLogin[true,epam,1234]</name>
            <steps/>
            <attachments/>
            <labels>
                <label name="host" value="DESKTOP-J7K1C7R"/>
                <label name="thread" value="5932@DESKTOP-J7K1C7R.main(1)"/>
            </labels>
        </test-case>
        <test-case start="1477854934170" stop="1477854935195" status="passed">
            <name>testingLogin[true,epam,1234]</name>
            <steps/>
            <attachments/>
            <labels>
                <label name="host" value="DESKTOP-J7K1C7R"/>
                <label name="thread" value="5932@DESKTOP-J7K1C7R.main(1)"/>
            </labels>
        </test-case>
        <test-case start="1477854935199" stop="1477854938823" status="failed">
            <name>goingToPage</name>
            <failure>
                <message>AssertionError: expected [true] but found [false]</message>
                <stack-trace>java.lang.AssertionError: expected [true] but found [false]
	at org.testng.Assert.fail(Assert.java:94)
	at org.testng.Assert.failNotEquals(Assert.java:513)
	at org.testng.Assert.assertTrue(Assert.java:42)
	at org.testng.Assert.assertTrue(Assert.java:52)
	at testCode.PageObjectChecking.goingToPage(PageObjectChecking.java:42)
	at sun.reflect.NativeMethodAccessorImpl.invoke0(Native Method)
	at sun.reflect.NativeMethodAccessorImpl.invoke(NativeMethodAccessorImpl.java:62)
	at sun.reflect.DelegatingMethodAccessorImpl.invoke(DelegatingMethodAccessorImpl.java:43)
	at java.lang.reflect.Method.invoke(Method.java:498)
	at org.testng.internal.MethodInvocationHelper.invokeMethod(MethodInvocationHelper.java:86)
	at org.testng.internal.Invoker.invokeMethod(Invoker.java:643)
	at org.testng.internal.Invoker.invokeTestMethod(Invoker.java:820)
	at org.testng.internal.Invoker.invokeTestMethods(Invoker.java:1128)
	at org.testng.internal.TestMethodWorker.invokeTestMethods(TestMethodWorker.java:129)
	at org.testng.internal.TestMethodWorker.run(TestMethodWorker.java:112)
	at org.testng.TestRunner.privateRun(TestRunner.java:782)
	at org.testng.TestRunner.run(TestRunner.java:632)
	at org.testng.SuiteRunner.runTest(SuiteRunner.java:366)
	at org.testng.SuiteRunner.runSequentially(SuiteRunner.java:361)
	at org.testng.SuiteRunner.privateRun(SuiteRunner.java:319)
	at org.testng.SuiteRunner.run(SuiteRunner.java:268)
	at org.testng.SuiteRunnerWorker.runSuite(SuiteRunnerWorker.java:52)
	at org.testng.SuiteRunnerWorker.run(SuiteRunnerWorker.java:86)
	at org.testng.TestNG.runSuitesSequentially(TestNG.java:1244)
	at org.testng.TestNG.runSuitesLocally(TestNG.java:1169)
	at org.testng.TestNG.run(TestNG.java:1064)
	at org.apache.maven.surefire.testng.TestNGExecutor.run(TestNGExecutor.java:178)
	at org.apache.maven.surefire.testng.TestNGXmlTestSuite.execute(TestNGXmlTestSuite.java:92)
	at org.apache.maven.surefire.testng.TestNGProvider.invoke(TestNGProvider.java:96)
	at sun.reflect.NativeMethodAccessorImpl.invoke0(Native Method)
	at sun.reflect.NativeMethodAccessorImpl.invoke(NativeMethodAccessorImpl.java:62)
	at sun.reflect.DelegatingMethodAccessorImpl.invoke(DelegatingMethodAccessorImpl.java:43)
	at java.lang.reflect.Method.invoke(Method.java:498)
	at org.apache.maven.surefire.util.ReflectionUtils.invokeMethodWithArray2(ReflectionUtils.java:208)
	at org.apache.maven.surefire.booter.ProviderFactory$ProviderProxy.invoke(ProviderFactory.java:158)
	at org.apache.maven.surefire.booter.ProviderFactory.invokeProvider(ProviderFactory.java:86)
	at org.apache.maven.surefire.booter.ForkedBooter.runSuitesInProcess(ForkedBooter.java:153)
	at org.apache.maven.surefire.booter.ForkedBooter.main(ForkedBooter.java:95)
</stack-trace>
            </failure>
            <steps/>
            <attachments>
                <attachment title="Page screenshot" source="1f4a1b67-9973-4089-b229-d4bf59d1e789-attachment.png" type="image/png"/>
            </attachments>
            <labels>
                <label name="host" value="DESKTOP-J7K1C7R"/>
                <label name="thread" value="5932@DESKTOP-J7K1C7R.main(1)"/>
            </labels>
        </test-case>
        <test-case start="1477854935199" stop="1477854938823" status="failed">
            <name>goingToPage</name>
            <failure>
                <message>AssertionError: expected [true] but found [false]</message>
                <stack-trace>java.lang.AssertionError: expected [true] but found [false]
	at org.testng.Assert.fail(Assert.java:94)
	at org.testng.Assert.failNotEquals(Assert.java:513)
	at org.testng.Assert.assertTrue(Assert.java:42)
	at org.testng.Assert.assertTrue(Assert.java:52)
	at testCode.PageObjectChecking.goingToPage(PageObjectChecking.java:42)
	at sun.reflect.NativeMethodAccessorImpl.invoke0(Native Method)
	at sun.reflect.NativeMethodAccessorImpl.invoke(NativeMethodAccessorImpl.java:62)
	at sun.reflect.DelegatingMethodAccessorImpl.invoke(DelegatingMethodAccessorImpl.java:43)
	at java.lang.reflect.Method.invoke(Method.java:498)
	at org.testng.internal.MethodInvocationHelper.invokeMethod(MethodInvocationHelper.java:86)
	at org.testng.internal.Invoker.invokeMethod(Invoker.java:643)
	at org.testng.internal.Invoker.invokeTestMethod(Invoker.java:820)
	at org.testng.internal.Invoker.invokeTestMethods(Invoker.java:1128)
	at org.testng.internal.TestMethodWorker.invokeTestMethods(TestMethodWorker.java:129)
	at org.testng.internal.TestMethodWorker.run(TestMethodWorker.java:112)
	at org.testng.TestRunner.privateRun(TestRunner.java:782)
	at org.testng.TestRunner.run(TestRunner.java:632)
	at org.testng.SuiteRunner.runTest(SuiteRunner.java:366)
	at org.testng.SuiteRunner.runSequentially(SuiteRunner.java:361)
	at org.testng.SuiteRunner.privateRun(SuiteRunner.java:319)
	at org.testng.SuiteRunner.run(SuiteRunner.java:268)
	at org.testng.SuiteRunnerWorker.runSuite(SuiteRunnerWorker.java:52)
	at org.testng.SuiteRunnerWorker.run(SuiteRunnerWorker.java:86)
	at org.testng.TestNG.runSuitesSequentially(TestNG.java:1244)
	at org.testng.TestNG.runSuitesLocally(TestNG.java:1169)
	at org.testng.TestNG.run(TestNG.java:1064)
	at org.apache.maven.surefire.testng.TestNGExecutor.run(TestNGExecutor.java:178)
	at org.apache.maven.surefire.testng.TestNGXmlTestSuite.execute(TestNGXmlTestSuite.java:92)
	at org.apache.maven.surefire.testng.TestNGProvider.invoke(TestNGProvider.java:96)
	at sun.reflect.NativeMethodAccessorImpl.invoke0(Native Method)
	at sun.reflect.NativeMethodAccessorImpl.invoke(NativeMethodAccessorImpl.java:62)
	at sun.reflect.DelegatingMethodAccessorImpl.invoke(DelegatingMethodAccessorImpl.java:43)
	at java.lang.reflect.Method.invoke(Method.java:498)
	at org.apache.maven.surefire.util.ReflectionUtils.invokeMethodWithArray2(ReflectionUtils.java:208)
	at org.apache.maven.surefire.booter.ProviderFactory$ProviderProxy.invoke(ProviderFactory.java:158)
	at org.apache.maven.surefire.booter.ProviderFactory.invokeProvider(ProviderFactory.java:86)
	at org.apache.maven.surefire.booter.ForkedBooter.runSuitesInProcess(ForkedBooter.java:153)
	at org.apache.maven.surefire.booter.ForkedBooter.main(ForkedBooter.java:95)
</stack-trace>
            </failure>
            <steps/>
            <attachments>
                <attachment title="Page screenshot" source="1f4a1b67-9973-4089-b229-d4bf59d1e789-attachment.png" type="image/png"/>
            </attachments>
            <labels>
                <label name="host" value="DESKTOP-J7K1C7R"/>
                <label name="thread" value="5932@DESKTOP-J7K1C7R.main(1)"/>
            </labels>
        </test-case>
        <test-case start="1477854938836" stop="1477854938938" status="passed">
            <name>testingCheckBoxElements[Water]</name>
            <steps/>
            <attachments/>
            <labels>
                <label name="host" value="DESKTOP-J7K1C7R"/>
                <label name="thread" value="5932@DESKTOP-J7K1C7R.main(1)"/>
            </labels>
        </test-case>
        <test-case start="1477854938836" stop="1477854938938" status="passed">
            <name>testingCheckBoxElements[Water]</name>
            <steps/>
            <attachments/>
            <labels>
                <label name="host" value="DESKTOP-J7K1C7R"/>
                <label name="thread" value="5932@DESKTOP-J7K1C7R.main(1)"/>
            </labels>
        </test-case>
        <test-case start="1477854938941" stop="1477854939036" status="passed">
            <name>testingCheckBoxElements[Earth]</name>
            <steps/>
            <attachments/>
            <labels>
                <label name="host" value="DESKTOP-J7K1C7R"/>
                <label name="thread" value="5932@DESKTOP-J7K1C7R.main(1)"/>
            </labels>
        </test-case>
        <test-case start="1477854938941" stop="1477854939036" status="passed">
            <name>testingCheckBoxElements[Earth]</name>
            <steps/>
            <attachments/>
            <labels>
                <label name="host" value="DESKTOP-J7K1C7R"/>
                <label name="thread" value="5932@DESKTOP-J7K1C7R.main(1)"/>
            </labels>
        </test-case>
        <test-case start="1477854939039" stop="1477854939132" status="passed">
            <name>testingCheckBoxElements[Wind]</name>
            <steps/>
            <attachments/>
            <labels>
                <label name="host" value="DESKTOP-J7K1C7R"/>
                <label name="thread" value="5932@DESKTOP-J7K1C7R.main(1)"/>
            </labels>
        </test-case>
        <test-case start="1477854939039" stop="1477854939132" status="passed">
            <name>testingCheckBoxElements[Wind]</name>
            <steps/>
            <attachments/>
            <labels>
                <label name="host" value="DESKTOP-J7K1C7R"/>
                <label name="thread" value="5932@DESKTOP-J7K1C7R.main(1)"/>
            </labels>
        </test-case>
        <test-case start="1477854939136" stop="1477854939232" status="passed">
            <name>testingCheckBoxElements[Fire]</name>
            <steps/>
            <attachments/>
            <labels>
                <label name="host" value="DESKTOP-J7K1C7R"/>
                <label name="thread" value="5932@DESKTOP-J7K1C7R.main(1)"/>
            </labels>
        </test-case>
        <test-case start="1477854939136" stop="1477854939232" status="passed">
            <name>testingCheckBoxElements[Fire]</name>
            <steps/>
            <attachments/>
            <labels>
                <label name="host" value="DESKTOP-J7K1C7R"/>
                <label name="thread" value="5932@DESKTOP-J7K1C7R.main(1)"/>
            </labels>
        </test-case>
        <test-case start="1477854939236" stop="1477854939332" status="passed">
            <name>testingRadioButtonsElements[Gold]</name>
            <steps/>
            <attachments/>
            <labels>
                <label name="host" value="DESKTOP-J7K1C7R"/>
                <label name="thread" value="5932@DESKTOP-J7K1C7R.main(1)"/>
            </labels>
        </test-case>
        <test-case start="1477854939236" stop="1477854939332" status="passed">
            <name>testingRadioButtonsElements[Gold]</name>
            <steps/>
            <attachments/>
            <labels>
                <label name="host" value="DESKTOP-J7K1C7R"/>
                <label name="thread" value="5932@DESKTOP-J7K1C7R.main(1)"/>
            </labels>
        </test-case>
        <test-case start="1477854939335" stop="1477854939431" status="passed">
            <name>testingRadioButtonsElements[Silver]</name>
            <steps/>
            <attachments/>
            <labels>
                <label name="host" value="DESKTOP-J7K1C7R"/>
                <label name="thread" value="5932@DESKTOP-J7K1C7R.main(1)"/>
            </labels>
        </test-case>
        <test-case start="1477854939335" stop="1477854939431" status="passed">
            <name>testingRadioButtonsElements[Silver]</name>
            <steps/>
            <attachments/>
            <labels>
                <label name="host" value="DESKTOP-J7K1C7R"/>
                <label name="thread" value="5932@DESKTOP-J7K1C7R.main(1)"/>
            </labels>
        </test-case>
        <test-case start="1477854939434" stop="1477854939538" status="passed">
            <name>testingRadioButtonsElements[Bronze]</name>
            <steps/>
            <attachments/>
            <labels>
                <label name="host" value="DESKTOP-J7K1C7R"/>
                <label name="thread" value="5932@DESKTOP-J7K1C7R.main(1)"/>
            </labels>
        </test-case>
        <test-case start="1477854939434" stop="1477854939538" status="passed">
            <name>testingRadioButtonsElements[Bronze]</name>
            <steps/>
            <attachments/>
            <labels>
                <label name="host" value="DESKTOP-J7K1C7R"/>
                <label name="thread" value="5932@DESKTOP-J7K1C7R.main(1)"/>
            </labels>
        </test-case>
        <test-case start="1477854939541" stop="1477854939663" status="passed">
            <name>testingRadioButtonsElements[Selen]</name>
            <steps/>
            <attachments/>
            <labels>
                <label name="host" value="DESKTOP-J7K1C7R"/>
                <label name="thread" value="5932@DESKTOP-J7K1C7R.main(1)"/>
            </labels>
        </test-case>
        <test-case start="1477854939541" stop="1477854939663" status="passed">
            <name>testingRadioButtonsElements[Selen]</name>
            <steps/>
            <attachments/>
            <labels>
                <label name="host" value="DESKTOP-J7K1C7R"/>
                <label name="thread" value="5932@DESKTOP-J7K1C7R.main(1)"/>
            </labels>
        </test-case>
    </test-cases>
    <labels>
        <label name="framework" value="TestNG"/>
        <label name="language" value="JAVA"/>
    </labels>
</ns2:test-suite>
